2025-06-26 15:58:05 [main] INFO  Log - Starting Webdriver...
2025-06-26 15:58:17 [main] INFO  Log - Navigting to URL...https://ecommerce-playground.lambdatest.io/index.php?route=account/login
2025-06-26 15:58:21 [main] INFO  Log - Entered Email Id: pushkar.bhadang@gmail.com
2025-06-26 15:58:21 [main] INFO  Log - Entered Invalid Password: pushkar.bhadang@gmail.com
2025-06-26 15:58:22 [main] INFO  Log - Verifying Error Message
2025-06-26 15:58:22 [main] INFO  Log - Verified Error Message Successfully. Received Error Message as Warning: No match for E-Mail Address and/or Password.
2025-06-26 15:58:22 [main] INFO  Log - Closing Browser...
2025-06-26 15:58:23 [main] INFO  Log - Starting Webdriver...
2025-06-26 15:58:25 [main] INFO  Log - Navigting to URL...https://ecommerce-playground.lambdatest.io/index.php?route=account/login
2025-06-26 15:58:28 [main] INFO  Log - Entered Email Id: pushkar.bhadang@gmail.com
2025-06-26 15:58:28 [main] INFO  Log - Entered Password: Test@1234
2025-06-26 15:58:28 [main] INFO  Log - Logging in to the application
2025-06-26 15:58:28 [main] INFO  Log - Verifying Page Title
2025-06-26 15:58:29 [main] INFO  Log - Page Title is: My Account
2025-06-26 15:58:29 [main] INFO  Log - Login Successful
2025-06-26 15:58:30 [main] INFO  Log - Closing Browser...
2025-06-27 10:12:06 [main] INFO  Log - Starting Webdriver...
2025-06-27 10:12:16 [main] INFO  Log - Navigting to URL...https://ecommerce-playground.lambdatest.io/index.php?route=account/login
2025-06-27 10:12:19 [main] INFO  Log - Entered Email Id: pushkar.bhadang@gmail.com
2025-06-27 10:12:19 [main] INFO  Log - Entered Password: Test@1234
2025-06-27 10:12:19 [main] INFO  Log - Logging in to the application
2025-06-27 10:12:21 [main] INFO  Log - Verifying Page Title
2025-06-27 10:12:21 [main] INFO  Log - Page Title is: My Account
2025-06-27 10:12:21 [main] INFO  Log - Login Successful
2025-06-27 10:12:22 [main] INFO  Log - Closing Browser...
2025-06-27 10:12:22 [main] INFO  Log - Starting Webdriver...
2025-06-27 10:12:25 [main] INFO  Log - Navigting to URL...https://ecommerce-playground.lambdatest.io/index.php?route=account/login
2025-06-27 10:12:28 [main] INFO  Log - Entered Email Id: vidya.bhadang@gmail.com
2025-06-27 10:12:28 [main] INFO  Log - Entered Password: Test@1234
2025-06-27 10:12:28 [main] INFO  Log - Logging in to the application
2025-06-27 10:12:30 [main] INFO  Log - Verifying Page Title
2025-06-27 10:12:30 [main] INFO  Log - Page Title is: My Account
2025-06-27 10:12:30 [main] INFO  Log - Login Successful
2025-06-27 10:12:30 [main] INFO  Log - Closing Browser...
2025-06-27 10:20:45 [main] INFO  Log - Starting Webdriver...
2025-06-27 10:20:48 [main] INFO  Log - Navigting to URL...https://ecommerce-playground.lambdatest.io/index.php?route=account/login
2025-06-27 10:20:51 [main] INFO  Log - Entered Email Id: pushkar.bhadang@gmail.com
2025-06-27 10:20:51 [main] INFO  Log - Entered Password: Test@1234
2025-06-27 10:20:51 [main] INFO  Log - Logging in to the application
2025-06-27 10:20:54 [main] INFO  Log - Verifying Page Title
2025-06-27 10:20:54 [main] INFO  Log - Page Title is: My Account
2025-06-27 10:20:54 [main] INFO  Log - Login Successful
2025-06-27 10:20:55 [main] INFO  Log - Closing Browser...
2025-06-27 10:20:55 [main] INFO  Log - Starting Webdriver...
2025-06-27 10:20:57 [main] INFO  Log - Navigting to URL...https://ecommerce-playground.lambdatest.io/index.php?route=account/login
2025-06-27 10:21:00 [main] INFO  Log - Entered Email Id: vidya.bhadang@gmail.com
2025-06-27 10:21:00 [main] INFO  Log - Entered Password: Test@1234
2025-06-27 10:21:00 [main] INFO  Log - Logging in to the application
2025-06-27 10:21:02 [main] INFO  Log - Verifying Page Title
2025-06-27 10:21:02 [main] INFO  Log - Page Title is: My Account
2025-06-27 10:21:02 [main] INFO  Log - Login Successful
2025-06-27 10:21:03 [main] INFO  Log - Closing Browser...
2025-06-27 13:11:33 [main] INFO  Log - Starting Webdriver...
2025-06-27 13:11:37 [main] INFO  Log - Navigting to URL...https://ecommerce-playground.lambdatest.io/index.php?route=account/login
2025-06-27 13:11:40 [main] INFO  Log - Entered Email Id: pushkar.bhadang@gmail.com
2025-06-27 13:11:40 [main] INFO  Log - Entered Password: Test@1234
2025-06-27 13:11:40 [main] INFO  Log - Logging in to the application
2025-06-27 13:11:43 [main] INFO  Log - Verifying Page Title
2025-06-27 13:11:43 [main] INFO  Log - Page Title is: My Account
2025-06-27 13:11:43 [main] INFO  Log - Login Successful
2025-06-27 13:11:43 [main] INFO  Log - Closing Browser...
2025-06-27 13:11:43 [main] INFO  Log - Starting Webdriver...
2025-06-27 13:11:45 [main] INFO  Log - Navigting to URL...https://ecommerce-playground.lambdatest.io/index.php?route=account/login
2025-06-27 13:11:48 [main] INFO  Log - Entered Email Id: vidya.bhadang@gmail.com
2025-06-27 13:11:48 [main] INFO  Log - Entered Password: Test@1234
2025-06-27 13:11:48 [main] INFO  Log - Logging in to the application
2025-06-27 13:11:51 [main] INFO  Log - Verifying Page Title
2025-06-27 13:11:51 [main] INFO  Log - Page Title is: My Account
2025-06-27 13:11:51 [main] INFO  Log - Login Successful
2025-06-27 13:11:51 [main] INFO  Log - Closing Browser...
2025-06-27 13:11:52 [main] INFO  Log - Starting Webdriver...
2025-06-27 13:11:54 [main] INFO  Log - Navigting to URL...https://ecommerce-playground.lambdatest.io/index.php?route=account/login
2025-06-27 13:11:56 [main] INFO  Log - Entered Email Id: pushkar.bhadang@gmail.com
2025-06-27 13:11:57 [main] INFO  Log - Entered Password: Test
2025-06-27 13:11:57 [main] INFO  Log - Logging in to the application
2025-06-27 13:11:57 [main] INFO  Log - Verifying Page Title
2025-06-27 13:11:57 [main] INFO  Log - Page Title is: Account Login
2025-06-27 13:11:58 [main] ERROR Log - Login Failed. Error Message received as Warning: No match for E-Mail Address and/or Password.
2025-06-27 13:11:58 [main] INFO  Log - Closing Browser...
2025-06-27 14:12:33 [main] INFO  Log - Starting Webdriver...
2025-06-27 14:12:38 [main] INFO  Log - Navigting to URL...https://ecommerce-playground.lambdatest.io/index.php?route=account/login
2025-06-27 14:12:42 [main] INFO  Log - Entered Email Id: pushkar.bhadang@gmail.com
2025-06-27 14:12:42 [main] INFO  Log - Entered Password: Test@1234
2025-06-27 14:12:42 [main] INFO  Log - Logging in to the application
2025-06-27 14:12:42 [main] INFO  Log - Verifying Page Title
2025-06-27 14:12:45 [main] INFO  Log - Page Title is: My Account
2025-06-27 14:12:45 [main] INFO  Log - Login Successful
2025-06-27 14:12:45 [main] INFO  Log - Closing Browser...
2025-06-27 14:12:46 [main] INFO  Log - Starting Webdriver...
2025-06-27 14:12:48 [main] INFO  Log - Navigting to URL...https://ecommerce-playground.lambdatest.io/index.php?route=account/login
2025-06-27 14:12:50 [main] INFO  Log - Entered Email Id: vidya.bhadang@gmail.com
2025-06-27 14:12:50 [main] INFO  Log - Entered Password: Test@1234
2025-06-27 14:12:50 [main] INFO  Log - Logging in to the application
2025-06-27 14:12:50 [main] INFO  Log - Verifying Page Title
2025-06-27 14:12:52 [main] INFO  Log - Page Title is: My Account
2025-06-27 14:12:52 [main] INFO  Log - Login Successful
2025-06-27 14:12:52 [main] INFO  Log - Closing Browser...
2025-06-27 14:12:53 [main] INFO  Log - Starting Webdriver...
2025-06-27 14:12:54 [main] INFO  Log - Navigting to URL...https://ecommerce-playground.lambdatest.io/index.php?route=account/login
2025-06-27 14:12:57 [main] INFO  Log - Entered Email Id: pushkar.bhadang@gmail.com
2025-06-27 14:12:57 [main] INFO  Log - Entered Password: Test
2025-06-27 14:12:57 [main] INFO  Log - Logging in to the application
2025-06-27 14:12:58 [main] INFO  Log - Verifying Page Title
2025-06-27 14:12:58 [main] INFO  Log - Page Title is: Account Login
2025-06-27 14:12:58 [main] ERROR Log - Login Failed. Error Message received as Warning: No match for E-Mail Address and/or Password.
2025-06-27 14:12:58 [main] INFO  Log - Closing Browser...
2025-06-27 14:20:14 [main] INFO  Log - Starting Webdriver...
2025-06-27 14:20:17 [main] INFO  Log - Navigting to URL...https://ecommerce-playground.lambdatest.io/index.php?route=account/login
2025-06-27 14:20:19 [main] INFO  Log - Entered Email Id: pushkar.bhadang@gmail.com
2025-06-27 14:20:19 [main] INFO  Log - Entered Password: Test@1234
2025-06-27 14:20:19 [main] INFO  Log - Logging in to the application
2025-06-27 14:20:20 [main] INFO  Log - Verifying Page Title
2025-06-27 14:20:21 [main] INFO  Log - Page Title is: My Account
2025-06-27 14:20:21 [main] INFO  Log - Login Successful
2025-06-27 14:20:21 [main] INFO  Log - Closing Browser...
2025-06-27 14:20:22 [main] INFO  Log - Starting Webdriver...
2025-06-27 14:20:23 [main] INFO  Log - Navigting to URL...https://ecommerce-playground.lambdatest.io/index.php?route=account/login
2025-06-27 14:20:26 [main] INFO  Log - Entered Email Id: vidya.bhadang@gmail.com
2025-06-27 14:20:26 [main] INFO  Log - Entered Password: Test@1234
2025-06-27 14:20:26 [main] INFO  Log - Logging in to the application
2025-06-27 14:20:26 [main] INFO  Log - Verifying Page Title
2025-06-27 14:20:28 [main] INFO  Log - Page Title is: My Account
2025-06-27 14:20:28 [main] INFO  Log - Login Successful
2025-06-27 14:20:28 [main] INFO  Log - Closing Browser...
2025-06-27 14:20:28 [main] INFO  Log - Starting Webdriver...
2025-06-27 14:20:30 [main] INFO  Log - Navigting to URL...https://ecommerce-playground.lambdatest.io/index.php?route=account/login
2025-06-27 14:20:33 [main] INFO  Log - Entered Email Id: pushkar.bhadang@gmail.com
2025-06-27 14:20:33 [main] INFO  Log - Entered Password: Test
2025-06-27 14:20:33 [main] INFO  Log - Logging in to the application
2025-06-27 14:20:33 [main] INFO  Log - Verifying Page Title
2025-06-27 14:20:33 [main] INFO  Log - Page Title is: Account Login
2025-06-27 14:20:33 [main] ERROR Log - Login Failed. Error Message received as Warning: No match for E-Mail Address and/or Password.
2025-06-27 14:20:34 [main] INFO  Log - Closing Browser...
2025-06-27 14:39:26 [main] INFO  Log - Starting Webdriver...
2025-06-27 14:39:29 [main] INFO  Log - Navigting to URL...https://ecommerce-playground.lambdatest.io/index.php?route=account/login
2025-06-27 14:39:33 [main] INFO  Log - Entered Email Id: pushkar.bhadang@gmail.com
2025-06-27 14:39:33 [main] INFO  Log - Entered Password: Test@1234
2025-06-27 14:39:33 [main] INFO  Log - Logging in to the application
2025-06-27 14:39:36 [main] INFO  Log - Verifying Page Title
2025-06-27 14:39:36 [main] INFO  Log - Page Title is: My Account
2025-06-27 14:39:36 [main] INFO  Log - Closing Browser...
2025-06-27 14:39:36 [main] INFO  Log - Starting Webdriver...
2025-06-27 14:39:38 [main] INFO  Log - Navigting to URL...https://ecommerce-playground.lambdatest.io/index.php?route=account/login
2025-06-27 14:39:41 [main] INFO  Log - Entered Email Id: vidya.bhadang@gmail.com
2025-06-27 14:39:42 [main] INFO  Log - Entered Password: Test@1234
2025-06-27 14:39:42 [main] INFO  Log - Logging in to the application
2025-06-27 14:39:44 [main] INFO  Log - Verifying Page Title
2025-06-27 14:39:44 [main] INFO  Log - Page Title is: My Account
2025-06-27 14:39:44 [main] INFO  Log - Closing Browser...
2025-06-27 14:41:51 [main] INFO  Log - Starting Webdriver...
2025-06-27 14:41:54 [main] INFO  Log - Navigting to URL...https://ecommerce-playground.lambdatest.io/index.php?route=account/login
2025-06-27 14:41:56 [main] INFO  Log - Entered Email Id: pushkar.bhadang@gmail.com
2025-06-27 14:41:56 [main] INFO  Log - Entered Password: Test@1234
2025-06-27 14:41:56 [main] INFO  Log - Logging in to the application
2025-06-27 14:41:59 [main] INFO  Log - Verifying Page Title
2025-06-27 14:41:59 [main] INFO  Log - Page Title is: My Account
2025-06-27 14:41:59 [main] INFO  Log - Login Successful
2025-06-27 14:41:59 [main] INFO  Log - Closing Browser...
2025-06-27 14:41:59 [main] INFO  Log - Starting Webdriver...
2025-06-27 14:42:01 [main] INFO  Log - Navigting to URL...https://ecommerce-playground.lambdatest.io/index.php?route=account/login
2025-06-27 14:42:04 [main] INFO  Log - Entered Email Id: vidya.bhadang@gmail.com
2025-06-27 14:42:04 [main] INFO  Log - Entered Password: Test@1234
2025-06-27 14:42:04 [main] INFO  Log - Logging in to the application
2025-06-27 14:42:06 [main] INFO  Log - Verifying Page Title
2025-06-27 14:42:06 [main] INFO  Log - Page Title is: My Account
2025-06-27 14:42:06 [main] INFO  Log - Login Successful
2025-06-27 14:42:06 [main] INFO  Log - Closing Browser...
2025-06-27 16:13:01 [main] INFO  Log - Starting Webdriver...
2025-06-27 16:13:05 [main] INFO  Log - Navigting to URL...https://ecommerce-playground.lambdatest.io/index.php?route=account/login
2025-06-27 16:13:11 [main] INFO  Log - Entered Email Id: pushkar.bhadang@gmail.com
2025-06-27 16:13:12 [main] INFO  Log - Entered Password: Test@1234
2025-06-27 16:13:12 [main] INFO  Log - Logging in to the application
2025-06-27 16:13:13 [main] INFO  Log - Verifying Page Title
2025-06-27 16:13:13 [main] INFO  Log - Page Title is: My Account
2025-06-27 16:13:13 [main] INFO  Log - Login Successful
2025-06-27 16:13:13 [main] INFO  Log - Closing Browser...
2025-06-27 16:13:14 [main] INFO  Log - Starting Webdriver...
2025-06-27 16:13:16 [main] INFO  Log - Navigting to URL...https://ecommerce-playground.lambdatest.io/index.php?route=account/login
2025-06-27 16:13:23 [main] INFO  Log - Entered Email Id: vidya.bhadang@gmail.com
2025-06-27 16:13:23 [main] INFO  Log - Entered Password: Test@1234
2025-06-27 16:13:23 [main] INFO  Log - Logging in to the application
2025-06-27 16:13:25 [main] INFO  Log - Verifying Page Title
2025-06-27 16:13:25 [main] INFO  Log - Page Title is: My Account
2025-06-27 16:13:25 [main] INFO  Log - Login Successful
2025-06-27 16:13:25 [main] INFO  Log - Closing Browser...
2025-06-27 17:11:31 [main] INFO  Log - Starting Webdriver...
2025-06-27 17:11:33 [main] INFO  Log - Navigting to URL...https://ecommerce-playground.lambdatest.io/index.php?route=account/login
2025-06-27 17:11:36 [main] INFO  Log - Entered Email Id: pushkar.bhadang@gmail.com
2025-06-27 17:11:36 [main] INFO  Log - Entered Password: Test@1234
2025-06-27 17:11:36 [main] INFO  Log - Logging in to the application
2025-06-27 17:11:38 [main] INFO  Log - Verifying Page Title
2025-06-27 17:11:38 [main] INFO  Log - Page Title is: My Account
2025-06-27 17:11:38 [main] INFO  Log - Login Successful
2025-06-27 17:11:38 [main] INFO  Log - Closing Browser...
2025-06-27 17:11:39 [main] INFO  Log - Starting Webdriver...
2025-06-27 17:11:41 [main] INFO  Log - Navigting to URL...https://ecommerce-playground.lambdatest.io/index.php?route=account/login
2025-06-27 17:11:44 [main] INFO  Log - Entered Email Id: vidya.bhadang@gmail.com
2025-06-27 17:11:45 [main] INFO  Log - Entered Password: Test@123
2025-06-27 17:11:45 [main] INFO  Log - Logging in to the application
2025-06-27 17:11:46 [main] INFO  Log - Verifying Page Title
2025-06-27 17:11:46 [main] INFO  Log - Page Title is: Account Login
2025-06-27 17:11:46 [main] INFO  Log - Login Successful
2025-06-27 17:11:46 [main] INFO  Log - Closing Browser...
2025-06-27 17:16:29 [main] INFO  Log - Starting Webdriver...
2025-06-27 17:16:46 [main] INFO  Log - Navigting to URL...https://ecommerce-playground.lambdatest.io/index.php?route=account/login
2025-06-27 17:16:49 [main] INFO  Log - Entered Email Id: pushkar.bhadang@gmail.com
2025-06-27 17:16:49 [main] INFO  Log - Entered Password: Test@1234
2025-06-27 17:16:49 [main] INFO  Log - Logging in to the application
2025-06-27 17:16:52 [main] INFO  Log - Verifying presence of HomeLink
2025-06-27 17:16:52 [main] INFO  Log - Login Successful
2025-06-27 17:16:53 [main] INFO  Log - Closing Browser...
2025-06-27 17:16:53 [main] INFO  Log - Starting Webdriver...
2025-06-27 17:16:55 [main] INFO  Log - Navigting to URL...https://ecommerce-playground.lambdatest.io/index.php?route=account/login
2025-06-27 17:16:58 [main] INFO  Log - Entered Email Id: vidya.bhadang@gmail.com
2025-06-27 17:16:59 [main] INFO  Log - Entered Password: Test@123
2025-06-27 17:16:59 [main] INFO  Log - Logging in to the application
2025-06-27 17:17:00 [main] INFO  Log - Verifying presence of HomeLink
2025-06-27 17:17:00 [main] INFO  Log - Login Successful
2025-06-27 17:17:00 [main] INFO  Log - Closing Browser...
2025-06-27 17:30:55 [main] INFO  Log - Starting Webdriver...
2025-06-27 17:30:58 [main] INFO  Log - Navigting to URL...https://ecommerce-playground.lambdatest.io/index.php?route=account/login
2025-06-27 17:31:02 [main] INFO  Log - Entered Email Id: pushkar.bhadang@gmail.com
2025-06-27 17:31:02 [main] INFO  Log - Entered Password: Test@1234
2025-06-27 17:31:02 [main] INFO  Log - Logging in to the application
2025-06-27 17:31:04 [main] INFO  Log - Verifying presence of HomeLink
2025-06-27 17:31:04 [main] INFO  Log - Login Successful
2025-06-27 17:31:04 [main] INFO  Log - Closing Browser...
2025-06-27 17:31:05 [main] INFO  Log - Starting Webdriver...
2025-06-27 17:31:07 [main] INFO  Log - Navigting to URL...https://ecommerce-playground.lambdatest.io/index.php?route=account/login
2025-06-27 17:31:10 [main] INFO  Log - Entered Email Id: vidya.bhadang@gmail.com
2025-06-27 17:31:10 [main] INFO  Log - Entered Password: Test@123
2025-06-27 17:31:10 [main] INFO  Log - Logging in to the application
2025-06-27 17:31:11 [main] INFO  Log - Verifying presence of HomeLink
2025-06-27 17:31:11 [main] ERROR Log - Login Failed. Error Message received: Warning: No match for E-Mail Address and/or Password.
2025-06-27 17:31:11 [main] INFO  Log - Closing Browser...
2025-06-27 18:30:51 [main] INFO  Log - Starting Webdriver...
2025-06-27 18:30:56 [main] INFO  Log - Navigting to URL...https://ecommerce-playground.lambdatest.io/index.php?route=account/login
2025-06-27 18:30:59 [main] INFO  Log - Entered Email Id: pushkar.bhadang@gmail.com
2025-06-27 18:30:59 [main] INFO  Log - Entered Password: Test@1234
2025-06-27 18:30:59 [main] INFO  Log - Logging in to the application
2025-06-27 18:31:01 [main] INFO  Log - Verifying presence of HomeLink
2025-06-27 18:31:01 [main] INFO  Log - Login Successful
2025-06-27 18:31:01 [main] INFO  Log - Closing Browser...
2025-06-27 18:31:02 [main] INFO  Log - Starting Webdriver...
2025-06-27 18:31:04 [main] INFO  Log - Navigting to URL...https://ecommerce-playground.lambdatest.io/index.php?route=account/login
2025-06-27 18:31:07 [main] INFO  Log - Entered Email Id: vidya.bhadang@gmail.com
2025-06-27 18:31:07 [main] INFO  Log - Entered Password: Test@1234
2025-06-27 18:31:07 [main] INFO  Log - Logging in to the application
2025-06-27 18:31:08 [main] INFO  Log - Verifying presence of HomeLink
2025-06-27 18:31:08 [main] ERROR Log - Login Failed. Error Message received
2025-06-27 18:31:08 [main] INFO  Log - Closing Browser...
2025-06-27 18:46:17 [main] INFO  Log - Starting Webdriver...
2025-06-27 18:46:20 [main] INFO  Log - Navigting to URL...https://ecommerce-playground.lambdatest.io/index.php?route=account/login
2025-06-27 18:46:23 [main] INFO  Log - Entered Email Id: pushkar.bhadang@gmail.com
2025-06-27 18:46:23 [main] INFO  Log - Entered Password: Test@1234
2025-06-27 18:46:23 [main] INFO  Log - Logging in to the application
2025-06-27 18:46:25 [main] INFO  Log - Verifying presence of HomeLink
2025-06-27 18:46:25 [main] INFO  Log - Login Successful
2025-06-27 18:46:26 [main] INFO  Log - Closing Browser...
2025-06-27 18:46:26 [main] INFO  Log - Starting Webdriver...
2025-06-27 18:46:28 [main] INFO  Log - Navigting to URL...https://ecommerce-playground.lambdatest.io/index.php?route=account/login
2025-06-27 18:46:38 [main] INFO  Log - Entered Email Id: vidya.bhadang@gmail.com
2025-06-27 18:46:38 [main] INFO  Log - Entered Password: Test@1234
2025-06-27 18:46:38 [main] INFO  Log - Logging in to the application
2025-06-27 18:46:40 [main] INFO  Log - Verifying presence of HomeLink
2025-06-27 18:46:40 [main] INFO  Log - Login Successful
2025-06-27 18:46:41 [main] INFO  Log - Closing Browser...
2025-06-28 16:49:12 [main] INFO  Log - Starting Webdriver...
2025-06-28 16:49:16 [main] INFO  Log - Navigting to URL...https://ecommerce-playground.lambdatest.io/index.php?route=account/login
2025-06-28 16:49:18 [main] INFO  Log - Entered Email Id: pushkar.bhadang@gmail.com
2025-06-28 16:49:18 [main] INFO  Log - Entered Password: Test@1234
2025-06-28 16:49:18 [main] INFO  Log - Logging in to the application
2025-06-28 16:49:20 [main] INFO  Log - Verifying presence of HomeLink
2025-06-28 16:49:20 [main] INFO  Log - Login Successful
2025-06-28 16:49:20 [main] INFO  Log - Closing Browser...
2025-06-28 16:49:21 [main] INFO  Log - Starting Webdriver...
2025-06-28 16:49:23 [main] INFO  Log - Navigting to URL...https://ecommerce-playground.lambdatest.io/index.php?route=account/login
2025-06-28 16:49:25 [main] INFO  Log - Entered Email Id: vidya.bhadang@gmail.com
2025-06-28 16:49:25 [main] INFO  Log - Entered Password: Test@1234
2025-06-28 16:49:25 [main] INFO  Log - Logging in to the application
2025-06-28 16:49:25 [main] INFO  Log - Verifying presence of HomeLink
2025-06-28 16:49:27 [main] INFO  Log - Login Successful
2025-06-28 16:49:27 [main] INFO  Log - Closing Browser...
2025-06-28 16:58:10 [main] INFO  Log - Starting Webdriver...
2025-06-28 16:58:12 [main] INFO  Log - Navigting to URL...https://ecommerce-playground.lambdatest.io/index.php?route=account/login
2025-06-28 16:58:15 [main] INFO  Log - Entered Email Id: pushkar.bhadang@gmail.com
2025-06-28 16:58:15 [main] INFO  Log - Entered Password: vidya.bhadang@gmail.com
2025-06-28 16:58:15 [main] INFO  Log - Logging in to the application
2025-06-28 16:58:16 [main] INFO  Log - Verifying presence of HomeLink
2025-06-28 16:58:16 [main] ERROR Log - Login Failed. Error Message received
2025-06-28 16:58:16 [main] INFO  Log - Closing Browser...
2025-06-28 17:00:33 [main] INFO  Log - Starting Webdriver...
2025-06-28 17:00:36 [main] INFO  Log - Navigting to URL...https://ecommerce-playground.lambdatest.io/index.php?route=account/login
2025-06-28 17:00:39 [main] INFO  Log - Entered Email Id: pushkar.bhadang@gmail.com
2025-06-28 17:00:39 [main] INFO  Log - Entered Password: Test@1234
2025-06-28 17:00:39 [main] INFO  Log - Logging in to the application
2025-06-28 17:00:40 [main] INFO  Log - Verifying presence of HomeLink
2025-06-28 17:00:40 [main] INFO  Log - Login Successful
2025-06-28 17:00:41 [main] INFO  Log - Closing Browser...
2025-06-28 17:02:29 [main] INFO  Log - Starting Webdriver...
2025-06-28 17:02:31 [main] INFO  Log - Navigting to URL...https://ecommerce-playground.lambdatest.io/index.php?route=account/login
2025-06-28 17:02:34 [main] INFO  Log - Entered Email Id: pushkar.bhadang@gmail.com
2025-06-28 17:02:34 [main] INFO  Log - Entered Password: Test@1234
2025-06-28 17:02:34 [main] INFO  Log - Logging in to the application
2025-06-28 17:02:34 [main] INFO  Log - Verifying presence of HomeLink
2025-06-28 17:02:36 [main] INFO  Log - Login Successful
2025-06-28 17:02:36 [main] INFO  Log - Closing Browser...
2025-06-28 17:02:36 [main] INFO  Log - Starting Webdriver...
2025-06-28 17:02:38 [main] INFO  Log - Navigting to URL...https://ecommerce-playground.lambdatest.io/index.php?route=account/login
2025-06-28 17:02:41 [main] INFO  Log - Entered Email Id: vidya.bhadang@gmail.com
2025-06-28 17:02:41 [main] INFO  Log - Entered Password: Test@1234
2025-06-28 17:02:41 [main] INFO  Log - Logging in to the application
2025-06-28 17:02:43 [main] INFO  Log - Verifying presence of HomeLink
2025-06-28 17:02:43 [main] INFO  Log - Login Successful
2025-06-28 17:02:43 [main] INFO  Log - Closing Browser...
2025-06-28 17:04:29 [main] INFO  Log - Starting Webdriver...
2025-06-28 17:04:32 [main] INFO  Log - Navigting to URL...https://ecommerce-playground.lambdatest.io/index.php?route=account/login
2025-06-28 17:04:34 [main] INFO  Log - Entered Email Id: pushkar.bhadang@gmail.com
2025-06-28 17:04:34 [main] INFO  Log - Entered Password: Test@1234
2025-06-28 17:04:34 [main] INFO  Log - Logging in to the application
2025-06-28 17:04:36 [main] INFO  Log - Verifying presence of HomeLink
2025-06-28 17:04:36 [main] INFO  Log - Login Successful
2025-06-28 17:04:36 [main] INFO  Log - Closing Browser...
2025-06-28 17:04:37 [main] INFO  Log - Starting Webdriver...
2025-06-28 17:04:38 [main] INFO  Log - Navigting to URL...https://ecommerce-playground.lambdatest.io/index.php?route=account/login
2025-06-28 17:04:41 [main] INFO  Log - Entered Email Id: vidya.bhadang@gmail.com
2025-06-28 17:04:41 [main] INFO  Log - Entered Password: Test@1234
2025-06-28 17:04:41 [main] INFO  Log - Logging in to the application
2025-06-28 17:04:43 [main] INFO  Log - Verifying presence of HomeLink
2025-06-28 17:04:43 [main] INFO  Log - Login Successful
2025-06-28 17:04:43 [main] INFO  Log - Closing Browser...
2025-06-28 17:13:11 [main] INFO  Log - Starting Webdriver...
2025-06-28 17:13:14 [main] INFO  Log - Navigting to URL...https://ecommerce-playground.lambdatest.io/index.php?route=account/login
2025-06-28 17:13:16 [main] INFO  Log - Entered Email Id: vidya.bhadang@gmail.com
2025-06-28 17:13:16 [main] INFO  Log - Entered Password: Test@1234
2025-06-28 17:13:16 [main] INFO  Log - Logging in to the application
2025-06-28 17:13:16 [main] INFO  Log - Verifying presence of HomeLink
2025-06-28 17:13:18 [main] INFO  Log - Login Successful
2025-06-28 17:13:18 [main] INFO  Log - Closing Browser...
2025-06-28 17:15:07 [main] INFO  Log - Starting Webdriver...
2025-06-28 17:15:10 [main] INFO  Log - Navigting to URL...https://ecommerce-playground.lambdatest.io/index.php?route=account/login
2025-06-28 17:15:14 [main] INFO  Log - Entered Email Id: pushkar.bhadang@gmail.com
2025-06-28 17:15:15 [main] INFO  Log - Entered Password: Test@1234
2025-06-28 17:15:15 [main] INFO  Log - Logging in to the application
2025-06-28 17:15:16 [main] INFO  Log - Verifying presence of HomeLink
2025-06-28 17:15:16 [main] INFO  Log - Login Successful
2025-06-28 17:15:17 [main] INFO  Log - Closing Browser...
2025-06-28 17:15:17 [main] INFO  Log - Starting Webdriver...
2025-06-28 17:15:19 [main] INFO  Log - Navigting to URL...https://ecommerce-playground.lambdatest.io/index.php?route=account/login
2025-06-28 17:15:21 [main] INFO  Log - Entered Email Id: vidya.bhadang@gmail.com
2025-06-28 17:15:21 [main] INFO  Log - Entered Password: Test@1234
2025-06-28 17:15:21 [main] INFO  Log - Logging in to the application
2025-06-28 17:15:21 [main] INFO  Log - Verifying presence of HomeLink
2025-06-28 17:15:23 [main] INFO  Log - Login Successful
2025-06-28 17:15:23 [main] INFO  Log - Closing Browser...
2025-06-28 20:30:44 [main] INFO  Log - Starting Webdriver...
2025-06-28 20:30:49 [main] INFO  Log - Navigting to URL...https://ecommerce-playground.lambdatest.io/index.php?route=account/login
2025-06-28 20:30:52 [main] INFO  Log - Entered Email Id: pushkar.bhadang@gmail.com
2025-06-28 20:30:52 [main] INFO  Log - Entered Password: Test@1234
2025-06-28 20:30:52 [main] INFO  Log - Logging in to the application
2025-06-28 20:30:54 [main] INFO  Log - Verifying presence of HomeLink
2025-06-28 20:30:54 [main] INFO  Log - Login Successful
2025-06-28 20:30:55 [main] INFO  Log - Closing Browser...
2025-06-28 20:30:55 [main] INFO  Log - Starting Webdriver...
2025-06-28 20:30:57 [main] INFO  Log - Navigting to URL...https://ecommerce-playground.lambdatest.io/index.php?route=account/login
2025-06-28 20:31:00 [main] INFO  Log - Entered Email Id: vidya.bhadang@gmail.com
2025-06-28 20:31:00 [main] INFO  Log - Entered Password: Test@1234
2025-06-28 20:31:00 [main] INFO  Log - Logging in to the application
2025-06-28 20:31:03 [main] INFO  Log - Verifying presence of HomeLink
2025-06-28 20:31:03 [main] INFO  Log - Login Successful
2025-06-28 20:31:03 [main] INFO  Log - Closing Browser...
2025-06-28 20:33:07 [main] INFO  Log - Starting Webdriver...
2025-06-28 20:33:10 [main] INFO  Log - Navigting to URL...https://ecommerce-playground.lambdatest.io/index.php?route=account/login
2025-06-28 20:33:13 [main] INFO  Log - Entered Email Id: pushkar.bhadang@gmail.com
2025-06-28 20:33:13 [main] INFO  Log - Entered Password: Test@1234
2025-06-28 20:33:13 [main] INFO  Log - Logging in to the application
2025-06-28 20:33:13 [main] INFO  Log - Verifying presence of HomeLink
2025-06-28 20:33:16 [main] INFO  Log - Login Successful
2025-06-28 20:33:16 [main] INFO  Log - Closing Browser...
2025-06-28 20:33:17 [main] INFO  Log - Starting Webdriver...
2025-06-28 20:33:19 [main] INFO  Log - Navigting to URL...https://ecommerce-playground.lambdatest.io/index.php?route=account/login
2025-06-28 20:33:21 [main] INFO  Log - Entered Email Id: vidya.bhadang@gmail.com
2025-06-28 20:33:22 [main] INFO  Log - Entered Password: Test@1234
2025-06-28 20:33:22 [main] INFO  Log - Logging in to the application
2025-06-28 20:33:24 [main] INFO  Log - Verifying presence of HomeLink
2025-06-28 20:33:24 [main] INFO  Log - Login Successful
2025-06-28 20:33:24 [main] INFO  Log - Closing Browser...
2025-06-28 20:38:24 [main] INFO  Log - Starting Webdriver...
2025-06-28 20:38:27 [main] INFO  Log - Navigting to URL...https://ecommerce-playground.lambdatest.io/index.php?route=account/login
2025-06-28 20:38:31 [main] INFO  Log - Entered Email Id: pushkar.bhadang@gmail.com
2025-06-28 20:38:31 [main] INFO  Log - Entered Password: Test@1234
2025-06-28 20:38:31 [main] INFO  Log - Logging in to the application
2025-06-28 20:38:31 [main] INFO  Log - Verifying presence of HomeLink
2025-06-28 20:38:33 [main] INFO  Log - Login Successful
2025-06-28 20:38:33 [main] INFO  Log - Closing Browser...
2025-06-28 20:38:34 [main] INFO  Log - Starting Webdriver...
2025-06-28 20:38:36 [main] INFO  Log - Navigting to URL...https://ecommerce-playground.lambdatest.io/index.php?route=account/login
2025-06-28 20:38:39 [main] INFO  Log - Entered Email Id: vidya.bhadang@gmail.com
2025-06-28 20:38:39 [main] INFO  Log - Entered Password: Test@1234
2025-06-28 20:38:39 [main] INFO  Log - Logging in to the application
2025-06-28 20:38:42 [main] INFO  Log - Verifying presence of HomeLink
2025-06-28 20:38:42 [main] INFO  Log - Login Successful
2025-06-28 20:38:42 [main] INFO  Log - Closing Browser...
2025-06-29 11:55:43 [main] INFO  Log - Starting Webdriver...
2025-06-29 11:55:48 [main] INFO  Log - Navigting to URL...https://ecommerce-playground.lambdatest.io/index.php?route=account/login
2025-06-29 11:55:51 [main] INFO  Log - Entered Email Id: pushkar.bhadang@gmail.com
2025-06-29 11:55:51 [main] INFO  Log - Entered Password: Test@1234
2025-06-29 11:55:51 [main] INFO  Log - Logging in to the application
2025-06-29 11:55:53 [main] INFO  Log - Verifying presence of HomeLink
2025-06-29 11:55:53 [main] INFO  Log - Login Successful
2025-06-29 11:55:53 [main] INFO  Log - Closing Browser...
2025-06-29 11:55:54 [main] INFO  Log - Starting Webdriver...
2025-06-29 11:55:56 [main] INFO  Log - Navigting to URL...https://ecommerce-playground.lambdatest.io/index.php?route=account/login
2025-06-29 11:55:58 [main] INFO  Log - Entered Email Id: vidya.bhadang@gmail.com
2025-06-29 11:55:58 [main] INFO  Log - Entered Password: Test@1234
2025-06-29 11:55:58 [main] INFO  Log - Logging in to the application
2025-06-29 11:56:00 [main] INFO  Log - Verifying presence of HomeLink
2025-06-29 11:56:00 [main] INFO  Log - Login Successful
2025-06-29 11:56:01 [main] INFO  Log - Closing Browser...
2025-06-29 11:57:40 [main] INFO  Log - Starting Webdriver...
2025-06-29 11:57:43 [main] INFO  Log - Navigting to URL...https://ecommerce-playground.lambdatest.io/index.php?route=account/login
2025-06-29 11:57:46 [main] INFO  Log - Entered Email Id: pushkar.bhadang@gmail.com
2025-06-29 11:57:46 [main] INFO  Log - Entered Password: Test@1234
2025-06-29 11:57:46 [main] INFO  Log - Logging in to the application
2025-06-29 11:57:48 [main] INFO  Log - Verifying presence of HomeLink
2025-06-29 11:57:48 [main] INFO  Log - Login Successful
2025-06-29 11:57:48 [main] INFO  Log - Closing Browser...
2025-06-29 11:57:48 [main] INFO  Log - Starting Webdriver...
2025-06-29 11:57:50 [main] INFO  Log - Navigting to URL...https://ecommerce-playground.lambdatest.io/index.php?route=account/login
2025-06-29 11:57:53 [main] INFO  Log - Entered Email Id: vidya.bhadang@gmail.com
2025-06-29 11:57:53 [main] INFO  Log - Entered Password: Test@1234
2025-06-29 11:57:53 [main] INFO  Log - Logging in to the application
2025-06-29 11:57:53 [main] INFO  Log - Verifying presence of HomeLink
2025-06-29 11:57:55 [main] INFO  Log - Login Successful
2025-06-29 11:57:55 [main] INFO  Log - Closing Browser...
2025-06-29 11:59:56 [main] INFO  Log - Starting Webdriver...
2025-06-29 11:59:59 [main] INFO  Log - Navigting to URL...https://ecommerce-playground.lambdatest.io/index.php?route=account/login
2025-06-29 12:00:02 [main] INFO  Log - Entered Email Id: pushkar.bhadang@gmail.com
2025-06-29 12:00:02 [main] INFO  Log - Entered Password: Test@1234
2025-06-29 12:00:02 [main] INFO  Log - Logging in to the application
2025-06-29 12:00:05 [main] INFO  Log - Verifying presence of HomeLink
2025-06-29 12:00:05 [main] INFO  Log - Login Successful
2025-06-29 12:00:05 [main] INFO  Log - Closing Browser...
2025-06-29 12:00:06 [main] INFO  Log - Starting Webdriver...
2025-06-29 12:00:09 [main] INFO  Log - Navigting to URL...https://ecommerce-playground.lambdatest.io/index.php?route=account/login
2025-06-29 12:00:12 [main] INFO  Log - Entered Email Id: vidya.bhadang@gmail.com
2025-06-29 12:00:12 [main] INFO  Log - Entered Password: Test@1234
2025-06-29 12:00:12 [main] INFO  Log - Logging in to the application
2025-06-29 12:00:14 [main] INFO  Log - Verifying presence of HomeLink
2025-06-29 12:00:14 [main] INFO  Log - Login Successful
2025-06-29 12:00:14 [main] INFO  Log - Closing Browser...
